CRITICAL - 2022-11-08 20:32:14 --> Class "App\Controllers\Modelmahasiswa" not found
in APPPATH\Controllers\Mahasiswa.php on line 16.
 1 SYSTEMPATH\CodeIgniter.php(927): App\Controllers\Mahasiswa->index()
 2 SYSTEMPATH\CodeIgniter.php(482): CodeIgniter\CodeIgniter->runController(Object(App\Controllers\Mahasiswa))
 3 SYSTEMPATH\CodeIgniter.php(351): CodeIgniter\CodeIgniter->handleRequest(null, Object(Config\Cache), false)
 4 FCPATH\index.php(67): CodeIgniter\CodeIgniter->run()
CRITICAL - 2022-11-08 20:37:49 --> Class "App\Controllers\Modelmahasiswa" not found
in APPPATH\Controllers\Mahasiswa.php on line 16.
 1 SYSTEMPATH\CodeIgniter.php(927): App\Controllers\Mahasiswa->index()
 2 SYSTEMPATH\CodeIgniter.php(482): CodeIgniter\CodeIgniter->runController(Object(App\Controllers\Mahasiswa))
 3 SYSTEMPATH\CodeIgniter.php(351): CodeIgniter\CodeIgniter->handleRequest(null, Object(Config\Cache), false)
 4 FCPATH\index.php(67): CodeIgniter\CodeIgniter->run()
CRITICAL - 2022-11-08 20:38:17 --> Class "App\Controllers\Modelmahasiswa" not found
in APPPATH\Controllers\Mahasiswa.php on line 16.
 1 SYSTEMPATH\CodeIgniter.php(927): App\Controllers\Mahasiswa->index()
 2 SYSTEMPATH\CodeIgniter.php(482): CodeIgniter\CodeIgniter->runController(Object(App\Controllers\Mahasiswa))
 3 SYSTEMPATH\CodeIgniter.php(351): CodeIgniter\CodeIgniter->handleRequest(null, Object(Config\Cache), false)
 4 FCPATH\index.php(67): CodeIgniter\CodeIgniter->run()
CRITICAL - 2022-11-08 20:41:12 --> Class "App\Controllers\Modelmahasiswa" not found
in APPPATH\Controllers\Mahasiswa.php on line 16.
 1 SYSTEMPATH\CodeIgniter.php(927): App\Controllers\Mahasiswa->index()
 2 SYSTEMPATH\CodeIgniter.php(482): CodeIgniter\CodeIgniter->runController(Object(App\Controllers\Mahasiswa))
 3 SYSTEMPATH\CodeIgniter.php(351): CodeIgniter\CodeIgniter->handleRequest(null, Object(Config\Cache), false)
 4 FCPATH\index.php(67): CodeIgniter\CodeIgniter->run()
CRITICAL - 2022-11-08 20:43:03 --> Class "App\Controllers\Modelmahasiswa" not found
in APPPATH\Controllers\Mahasiswa.php on line 16.
 1 SYSTEMPATH\CodeIgniter.php(927): App\Controllers\Mahasiswa->index()
 2 SYSTEMPATH\CodeIgniter.php(482): CodeIgniter\CodeIgniter->runController(Object(App\Controllers\Mahasiswa))
 3 SYSTEMPATH\CodeIgniter.php(351): CodeIgniter\CodeIgniter->handleRequest(null, Object(Config\Cache), false)
 4 FCPATH\index.php(67): CodeIgniter\CodeIgniter->run()
CRITICAL - 2022-11-08 20:43:05 --> Class "App\Controllers\Modelmahasiswa" not found
in APPPATH\Controllers\Mahasiswa.php on line 16.
 1 SYSTEMPATH\CodeIgniter.php(927): App\Controllers\Mahasiswa->index()
 2 SYSTEMPATH\CodeIgniter.php(482): CodeIgniter\CodeIgniter->runController(Object(App\Controllers\Mahasiswa))
 3 SYSTEMPATH\CodeIgniter.php(351): CodeIgniter\CodeIgniter->handleRequest(null, Object(Config\Cache), false)
 4 FCPATH\index.php(67): CodeIgniter\CodeIgniter->run()
CRITICAL - 2022-11-08 20:43:11 --> Class "App\Controllers\Modelmahasiswa" not found
in APPPATH\Controllers\Mahasiswa.php on line 16.
 1 SYSTEMPATH\CodeIgniter.php(927): App\Controllers\Mahasiswa->index()
 2 SYSTEMPATH\CodeIgniter.php(482): CodeIgniter\CodeIgniter->runController(Object(App\Controllers\Mahasiswa))
 3 SYSTEMPATH\CodeIgniter.php(351): CodeIgniter\CodeIgniter->handleRequest(null, Object(Config\Cache), false)
 4 FCPATH\index.php(67): CodeIgniter\CodeIgniter->run()
CRITICAL - 2022-11-08 20:44:50 --> Class "App\Controllers\Modelmahasiswa" not found
in APPPATH\Controllers\Mahasiswa.php on line 16.
 1 SYSTEMPATH\CodeIgniter.php(927): App\Controllers\Mahasiswa->index()
 2 SYSTEMPATH\CodeIgniter.php(482): CodeIgniter\CodeIgniter->runController(Object(App\Controllers\Mahasiswa))
 3 SYSTEMPATH\CodeIgniter.php(351): CodeIgniter\CodeIgniter->handleRequest(null, Object(Config\Cache), false)
 4 FCPATH\index.php(67): CodeIgniter\CodeIgniter->run()
CRITICAL - 2022-11-08 20:49:59 --> Class "Model\Modelmahasiswa" not found
in APPPATH\Controllers\Mahasiswa.php on line 16.
 1 SYSTEMPATH\CodeIgniter.php(927): App\Controllers\Mahasiswa->index()
 2 SYSTEMPATH\CodeIgniter.php(482): CodeIgniter\CodeIgniter->runController(Object(App\Controllers\Mahasiswa))
 3 SYSTEMPATH\CodeIgniter.php(351): CodeIgniter\CodeIgniter->handleRequest(null, Object(Config\Cache), false)
 4 FCPATH\index.php(67): CodeIgniter\CodeIgniter->run()
